Step: build-step-credential-initializer:

{"level":"warn","ts":1554658311.2301772,"logger":"fallback-logger","caller":"logging/config.go:65","msg":"Fetch GitHub commit ID from kodata failed: \"ref: refs/heads/test\" is not a valid GitHub commit ID"}
{"level":"info","ts":1554658311.2319417,"logger":"fallback-logger","caller":"creds-init/main.go:40","msg":"Credentials initialized."}
Step: build-step-git-source-0:

{"level":"warn","ts":1554658312.4430416,"logger":"fallback-logger","caller":"logging/config.go:65","msg":"Fetch GitHub commit ID from kodata failed: \"ref: refs/heads/test\" is not a valid GitHub commit ID"}
{"level":"info","ts":1554658313.8153868,"logger":"fallback-logger","caller":"git-init/main.go:92","msg":"Successfully cloned \"https://github.com/carlossg/croc-hunter-jenkinsx-serverless-2.git\" @ \"094001b84ccb2e81374a1d3d82cb841005f40494\" in path \"/workspace\""}
Step: build-step-jenkins:

Picked up _JAVA_OPTIONS: -Xmx400m
Started
Running in Durability level: PERFORMANCE_OPTIMIZED
  22.330 [id=24]	WARNING	i.f.k.c.i.VersionUsageUtils#alert: The client is using resource type 'customresourcedefinitions' with unstable version 'v1beta1'
[Pipeline] Start of Pipeline
[Pipeline] node
Running on Jenkins in /tmp/jenkinsTests.tmp/jenkins4801976740233080679test/workspace/job
[Pipeline] {
[Pipeline] stage
[Pipeline] { (Declarative: Checkout SCM)
[Pipeline] checkout
[Pipeline] }
[Pipeline] // stage
[Pipeline] withCredentials
[Pipeline] {
[Pipeline] withEnv
[Pipeline] {
[Pipeline] stage
[Pipeline] { (CI Build and push snapshot)
[Pipeline] withEnv
[Pipeline] {
[Pipeline] dir
Running in /home/jenkins/go/src/github.com/carlossg/croc-hunter-jenkinsx-serverless
[Pipeline] {
[Pipeline] checkout
[Pipeline] sh
+ make VERSION=0.0.0-SNAPSHOT-PR-11-2 GIT_COMMIT=094001b84ccb2e81374a1d3d82cb841005f40494 linux
cp skaffold.yaml skaffold.yaml.new
sed -i -e "s/{{.VERSION}}/0.0.0-SNAPSHOT-PR-11-2/" skaffold.yaml.new
sed -i -e "s/{{.GIT_COMMIT}}/094001b84ccb2e81374a1d3d82cb841005f40494/" skaffold.yaml.new
CGO_ENABLED=0 GOOS=linux GOARCH=amd64 GO15VENDOREXPERIMENT=1 go build -ldflags '' -o bin/croc-hunter-jenkinsx croc-hunter.go
[Pipeline] sh
+ export VERSION=0.0.0-SNAPSHOT-PR-11-2
+ skaffold build -f skaffold.yaml.new
time="2019-04-07T17:32:44Z" level=warning msg="config version (skaffold/v1beta1) out of date: upgrading to latest (skaffold/v1beta6)"
Generating Tag for [changeme]...
Starting build...
Building [changeme]...
Sending build context to Docker daemon  525.8kBSending build context to Docker daemon   6.99MB
Step 1/10 : FROM scratch
 ---> 
Step 2/10 : ARG GIT_SHA
 ---> Using cache
 ---> 094311b0c1e0
Step 3/10 : ARG WORKFLOW_RELEASE
 ---> Using cache
 ---> 2bfca776902d
Step 4/10 : ENV GIT_SHA $GIT_SHA
 ---> Running in d57133c15aac
 ---> 82924624a039
Step 5/10 : ENV WORKFLOW_RELEASE $WORKFLOW_RELEASE
 ---> Running in df9dc583b862
 ---> 96702baf455e
Step 6/10 : ENV POWERED_BY Jenkins-X
 ---> Running in ad5d1c58ff1b
 ---> 08f05a87a828
Step 7/10 : EXPOSE 8080
 ---> Running in 446f1a3c3756
 ---> 2cc51c11a9e9
Step 8/10 : ENTRYPOINT /croc-hunter-jenkinsx
 ---> Running in 12c7bdf39d19
 ---> 9d399c42061e
Step 9/10 : COPY ./bin/ /
 ---> 22ef470ae732
Step 10/10 : COPY static/ static/
 ---> bea15a919fee
Successfully built bea15a919fee
The push refers to a repository [10.47.240.112:5000/carlossg/croc-hunter-jenkinsx]
4b360a1a8ca4: Preparing
c1a7bffcd981: Preparing
4b360a1a8ca4: Pushed
c1a7bffcd981: Pushed
0.0.0-SNAPSHOT-PR-11-2: digest: sha256:a5d8501fdc209f0ea45356b354fbe8afbad20b82399c797d35850010c8284774 size: 738
Build complete in 2.887335605s
Starting test...
Test complete in 8.756Âµs
changeme -> 10.47.240.112:5000/carlossg/croc-hunter-jenkinsx:0.0.0-SNAPSHOT-PR-11-2@sha256:a5d8501fdc209f0ea45356b354fbe8afbad20b82399c797d35850010c8284774
[Pipeline] sh
+ jx step validate --min-jx-version 1.2.36
[Pipeline] sh
+ jx step post build --image 10.47.240.112:5000/carlossg/croc-hunter-jenkinsx:0.0.0-SNAPSHOT-PR-11-2
[Pipeline] }
[Pipeline] // dir
[Pipeline] dir
Running in /home/jenkins/go/src/github.com/carlossg/croc-hunter-jenkinsx-serverless/charts/preview
[Pipeline] {
[Pipeline] sh
+ make preview
sed -i -e "s/version:.*/version: 0.0.0-SNAPSHOT-PR-11-2/" Chart.yaml
sed -i -e "s/version:.*/version: 0.0.0-SNAPSHOT-PR-11-2/" ../*/Chart.yaml
sed -i -e "s|repository: .*|repository: 10.47.240.112:5000\/carlossg\/golang-http|" values.yaml
sed -i -e "s/tag: .*/tag: 0.0.0-SNAPSHOT-PR-11-2/" values.yaml
echo "  version: 0.0.0-SNAPSHOT-PR-11-2" >> requirements.yaml
jx step helm build
No $CHART_REPOSITORY defined so using the default value of: http://jenkins-x-chartmuseum:8080
Adding missing Helm repo: jenkins-x http://chartmuseum.jenkins-x.io
Successfully added Helm repository jenkins-x.
Adding missing Helm repo: releases http://jenkins-x-chartmuseum:8080
Successfully added Helm repository releases.
Adding missing Helm repo: repo5 https://chartmuseum.build.cd.jenkins-x.io
Successfully added Helm repository repo5.
[Pipeline] sh
+ jx preview --app croc-hunter-jenkinsx --dir ../..
Creating a preview
Commit author email is empty for: 8dbc59ba0df1ccba0acfc4aed6912af8585a30fb
Looking for commits in: /home/jenkins/go/src/github.com/carlossg/croc-hunter-jenkinsx-serverless/
Commit not found: 8dbc59ba0df1ccba0acfc4aed6912af8585a30fb
Commit author email is empty for: 094001b84ccb2e81374a1d3d82cb841005f40494
Looking for commits in: /home/jenkins/go/src/github.com/carlossg/croc-hunter-jenkinsx-serverless/
Found commit author match for: carlossg with email address: carlos@apache.org
expose:
  Annotations:
    helm.sh/hook: post-install,post-upgrade
    helm.sh/hook-delete-policy: hook-succeeded
  config:
    domain: eu.g.csanchez.org
    exposer: Ingress
    http: "true"
preview:
  image:
    repository: 10.47.240.112:5000/carlossg/croc-hunter-jenkinsx
    tag: 0.0.0-SNAPSHOT-PR-11-2
error: failed to run 'helm upgrade --namespace jx-carlossg-croc-hunter-jenkinsx-serverless-2-pr-11 --install --wait --force --values /home/jenkins/go/src/github.com/carlossg/croc-hunter-jenkinsx-serverless/charts/preview/extraValues.yaml jx-carlossg-croc-hunter-jenkinsx-serverless-2-pr-11 .' command in directory '', output: 'Error: UPGRADE FAILED: timed out waiting for the condition'
[Pipeline] }
[Pipeline] // dir
[Pipeline] }
[Pipeline] // withEnv
[Pipeline] }
[Pipeline] // stage
[Pipeline] stage
[Pipeline] { (Build Release)
Stage "Build Release" skipped due to earlier failure(s)
[Pipeline] }
[Pipeline] // stage
[Pipeline] stage
[Pipeline] { (Promote to Environments)
Stage "Promote to Environments" skipped due to earlier failure(s)
[Pipeline] }
[Pipeline] // stage
[Pipeline] }
[Pipeline] // withEnv
[Pipeline] }
[Pipeline] // withCredentials
[Pipeline] }
[Pipeline] // node
[Pipeline] End of Pipeline
ERROR: script returned exit code 1
Finished: FAILURE
